[debug] [2018-05-28T03:01:27.859Z] ----------------------------------------------------------------------
[debug] [2018-05-28T03:01:27.862Z] Command:       C:\Program Files\nodejs\node.exe C:\Users\TESTS\AppData\Roaming\npm\node_modules\firebase-tools\bin\firebase init
[debug] [2018-05-28T03:01:27.862Z] CLI Version:   3.18.5
[debug] [2018-05-28T03:01:27.862Z] Platform:      win32
[debug] [2018-05-28T03:01:27.862Z] Node Version:  v10.2.1
[debug] [2018-05-28T03:01:27.863Z] Time:          Sun May 27 2018 21:01:27 GMT-0600 (Hora estándar, América Central)
[debug] [2018-05-28T03:01:27.863Z] ----------------------------------------------------------------------
[debug] 
[debug] [2018-05-28T03:01:27.873Z] > command requires scopes: ["email","openid","https://www.googleapis.com/auth/cloudplatformprojects.readonly","https://www.googleapis.com/auth/firebase"]
[debug] [2018-05-28T03:01:27.874Z] > authorizing via signed-in user
[info] 
     ######## #### ########  ######## ########     ###     ######  ########
     ##        ##  ##     ## ##       ##     ##  ##   ##  ##       ##
     ######    ##  ########  ######   ########  #########  ######  ######
     ##        ##  ##    ##  ##       ##     ## ##     ##       ## ##
     ##       #### ##     ## ######## ########  ##     ##  ######  ########

You're about to initialize a Firebase project in this directory:

  C:\Users\TESTS\Documents\GitHub\Examen1ux

[info] 
=== Project Setup
[info] 
[info] First, let's associate this project directory with a Firebase project.
[info] You can create multiple project aliases by running firebase use --add, 
[info] but for now we'll just set up a default project.
[info] 
[debug] [2018-05-28T03:03:55.101Z] > refreshing access token with scopes: ["email","https://www.googleapis.com/auth/cloudplatformprojects.readonly","https://www.googleapis.com/auth/firebase","openid"]
[debug] [2018-05-28T03:03:55.101Z] >>> HTTP REQUEST POST https://www.googleapis.com/oauth2/v3/token  
 { refresh_token: '1/CvhC4YWZYTTdhe5Q98wxflh-a-FwSR21HyhTPoyftlM',
  client_id:
   '563584335869-fgrhgmd47bqnekij5i8b5pr03ho849e6.apps.googleusercontent.com',
  client_secret: 'j9iVZfS8kkCEFUPaAeJV0sAi',
  grant_type: 'refresh_token',
  scope:
   'email https://www.googleapis.com/auth/cloudplatformprojects.readonly https://www.googleapis.com/auth/firebase openid' } 
 Sun May 27 2018 21:03:55 GMT-0600 (Hora estándar, América Central)
[debug] [2018-05-28T03:03:55.470Z] <<< HTTP RESPONSE 200
[debug] [2018-05-28T03:03:55.593Z] >>> HTTP REQUEST GET https://admin.firebase.com/v1/projects  
  
 Sun May 27 2018 21:03:55 GMT-0600 (Hora estándar, América Central)
[debug] [2018-05-28T03:03:56.439Z] <<< HTTP RESPONSE 200
[info] 
=== Database Setup
[info] 
[info] Firebase Realtime Database Rules allow you to define how your data should be
[info] structured and when your data can be read from and written to.
[info] 
